<?xml version="1.0" encoding="UTF-8"?>
<!-- Generated by org.testng.reporters.JUnitReportReporter -->
<testsuite ignored="0" hostname="Lucies-MacBook-Pro.local" failures="0" tests="1" name="test.NewTest" time="6.878" errors="0" timestamp="21 Aug 2021 15:52:39 GMT" skipped="0">
  <testcase classname="test.NewTest" name="f" time="6.878"/>
</testsuite> <!-- test.NewTest -->
